2026-06-27 01:15:30,206 
=======================================================
2026-06-27 01:15:30,207 Rastreador iniciado — Sáb 01:15 — horário ruim 🔴 (score 0)
2026-06-27 01:15:30,207 ⏰ Horário não ideal para engajamento, mas prosseguindo...
2026-06-27 01:15:31,851 HTTP Request: POST https://api.telegram.org/bot8939890814:AAEJ1pb4n3_9lf_qZLZnOw8b0K9pEaKClOI/getMe "HTTP/1.1 200 OK"
2026-06-27 01:15:31,852 
🔍 [celulares] buscando ofertas...
2026-06-27 01:15:32,527   ❌ Erro na busca ML: 403 Client Error: Forbidden for url: https://api.mercadolibre.com/sites/MLB/search?category=MLB1051&sort=relevance&limit=30&access_token=APP_USR-1854183194510353-062700-e1f894178d09501bcd540f3077f01f58-576075567
2026-06-27 01:15:32,530 
🔍 [eletronicos] buscando ofertas...
2026-06-27 01:15:33,207   ❌ Erro na busca ML: 403 Client Error: Forbidden for url: https://api.mercadolibre.com/sites/MLB/search?category=MLB1000&sort=relevance&limit=30&access_token=APP_USR-1854183194510353-062700-e1f894178d09501bcd540f3077f01f58-576075567
2026-06-27 01:15:33,210 
🔍 [informatica] buscando ofertas...
2026-06-27 01:15:33,919   ❌ Erro na busca ML: 403 Client Error: Forbidden for url: https://api.mercadolibre.com/sites/MLB/search?category=MLB1648&sort=relevance&limit=30&access_token=APP_USR-1854183194510353-062700-e1f894178d09501bcd540f3077f01f58-576075567
2026-06-27 01:15:33,921 
=======================================================
2026-06-27 01:15:33,921 Rodada concluída — 0 produto(s) publicado(s).
2026-06-27 01:16:48,678 
=======================================================
2026-06-27 01:16:48,678 Rastreador iniciado — Sáb 01:16 — horário ruim 🔴 (score 0)
2026-06-27 01:16:48,678 ⏰ Horário não ideal para engajamento, mas prosseguindo...
2026-06-27 01:16:50,289 HTTP Request: POST https://api.telegram.org/bot8939890814:AAEJ1pb4n3_9lf_qZLZnOw8b0K9pEaKClOI/getMe "HTTP/1.1 200 OK"
2026-06-27 01:16:50,290 
🔍 [celulares] buscando ofertas...
2026-06-27 01:16:50,977   ❌ Erro na busca 'smartphone': 403 Client Error: Forbidden for url: https://api.mercadolibre.com/sites/MLB/search?q=smartphone&sort=relevance&limit=20
2026-06-27 01:16:50,979 
🔍 [eletronicos] buscando ofertas...
2026-06-27 01:16:51,664   ❌ Erro na busca 'fone bluetooth': 403 Client Error: Forbidden for url: https://api.mercadolibre.com/sites/MLB/search?q=fone+bluetooth&sort=relevance&limit=20
2026-06-27 01:16:51,666 
🔍 [informatica] buscando ofertas...
2026-06-27 01:16:52,361   ❌ Erro na busca 'notebook': 403 Client Error: Forbidden for url: https://api.mercadolibre.com/sites/MLB/search?q=notebook&sort=relevance&limit=20
2026-06-27 01:16:52,364 
=======================================================
2026-06-27 01:16:52,364 Rodada concluída — 0 produto(s) publicado(s).
